<?xml version="1.0" encoding="UTF-8"?>
<!-- Generated by org.testng.reporters.JUnitXMLReporter -->
<testsuite hostname="LAPTOP-76PGCCB3" ignored="0" name="Default test" tests="3" failures="0" timestamp="2019-12-17T09:19:44 IST" time="2.659" errors="0">
  <testcase name="addbook" time="1.796" classname="TestFramework.exceldriven"/>
  <testcase name="addbook" time="0.503" classname="TestFramework.exceldriven"/>
  <testcase name="addbook" time="0.31" classname="TestFramework.exceldriven"/>
</testsuite> <!-- Default test -->
