<?xml version="1.0" encoding="UTF-8"?>
<!-- Generated by org.testng.reporters.JUnitXMLReporter -->
<testsuite hostname="LAPTOP-76PGCCB3" ignored="0" name="Test" tests="5" failures="0" timestamp="2019-12-09T09:25:07 IST" time="7.646" errors="0">
  <testcase name="getPlaceAPI" time="3.682" classname="TestFramework.basics"/>
  <testcase name="createPlaceAPI" time="0.356" classname="TestFramework.basics2"/>
  <testcase name="AddandDeletePlace" time="0.833" classname="TestFramework.basics3"/>
  <testcase name="postDataXML" time="0.715" classname="TestFramework.basics4"/>
  <testcase name="extractingNamesAPI" time="1.993" classname="TestFramework.basics5"/>
</testsuite> <!-- Test -->
