<?xml version="1.0" encoding="UTF-8"?>
<testng-results skipped="0" failed="0" total="4" passed="4">
  <reporter-output>
  </reporter-output>
  <suite name="Suite" duration-ms="3313" started-at="2019-12-09T06:21:33Z" finished-at="2019-12-09T06:21:36Z">
    <groups>
    </groups>
    <test name="Test" duration-ms="3313" started-at="2019-12-09T06:21:33Z" finished-at="2019-12-09T06:21:36Z">
      <class name="TestFramework.basics2">
        <test-method status="PASS" signature="createPlaceAPI()" name="createPlaceAPI" duration-ms="193" started-at="2019-12-09T06:21:35Z" finished-at="2019-12-09T06:21:35Z">
        </test-method>
      </class>
      <class name="TestFramework.basics3">
        <test-method status="PASS" signature="getData()" name="getData" is-config="true" duration-ms="0" started-at="2019-12-09T06:21:33Z" finished-at="2019-12-09T06:21:33Z">
        </test-method>
        <test-method status="PASS" signature="getData()" name="getData" is-config="true" duration-ms="15" started-at="2019-12-09T06:21:33Z" finished-at="2019-12-09T06:21:33Z">
        </test-method>
        <test-method status="PASS" signature="AddandDeletePlace()" name="AddandDeletePlace" duration-ms="417" started-at="2019-12-09T06:21:35Z" finished-at="2019-12-09T06:21:36Z">
        </test-method>
      </class>
      <class name="TestFramework.basics4">
        <test-method status="PASS" signature="postDataXML()" name="postDataXML" duration-ms="269" started-at="2019-12-09T06:21:36Z" finished-at="2019-12-09T06:21:36Z">
        </test-method>
      </class>
      <class name="TestFramework.basics">
        <test-method status="PASS" signature="getPlaceAPI()" name="getPlaceAPI" duration-ms="2419" started-at="2019-12-09T06:21:33Z" finished-at="2019-12-09T06:21:35Z">
        </test-method>
      </class>
    </test>
  </suite>
</testng-results>
