<?xml version="1.0" encoding="UTF-8"?>
<testng-results skipped="0" failed="0" ignored="0" total="3" passed="3">
  <reporter-output>
  </reporter-output>
  <suite name="Default suite" duration-ms="2659" started-at="2019-12-17T09:19:41 IST" finished-at="2019-12-17T09:19:44 IST">
    <groups>
    </groups>
    <test name="Default test" duration-ms="2659" started-at="2019-12-17T09:19:41 IST" finished-at="2019-12-17T09:19:44 IST">
      <class name="TestFramework.exceldriven">
        <test-method status="PASS" signature="addbook(java.lang.String, java.lang.String)[pri:0, instance:TestFramework.exceldriven@7bedc48a]" name="addbook" duration-ms="1796" started-at="2019-12-17T09:19:41 IST" data-provider="booksdata" finished-at="2019-12-17T09:19:43 IST">
          <params>
            <param index="0">
              <value>
                <![CDATA[bcd123eeeee]]>
              </value>
            </param>
            <param index="1">
              <value>
                <![CDATA[2277]]>
              </value>
            </param>
          </params>
          <reporter-output>
          </reporter-output>
        </test-method> <!-- addbook -->
        <test-method status="PASS" signature="addbook(java.lang.String, java.lang.String)[pri:0, instance:TestFramework.exceldriven@7bedc48a]" name="addbook" duration-ms="503" started-at="2019-12-17T09:19:43 IST" data-provider="booksdata" finished-at="2019-12-17T09:19:43 IST">
          <params>
            <param index="0">
              <value>
                <![CDATA[bcd123eeeeee]]>
              </value>
            </param>
            <param index="1">
              <value>
                <![CDATA[2277]]>
              </value>
            </param>
          </params>
          <reporter-output>
          </reporter-output>
        </test-method> <!-- addbook -->
        <test-method status="PASS" signature="addbook(java.lang.String, java.lang.String)[pri:0, instance:TestFramework.exceldriven@7bedc48a]" name="addbook" duration-ms="310" started-at="2019-12-17T09:19:43 IST" data-provider="booksdata" finished-at="2019-12-17T09:19:44 IST">
          <params>
            <param index="0">
              <value>
                <![CDATA[bcd123eeeeeeff]]>
              </value>
            </param>
            <param index="1">
              <value>
                <![CDATA[2277]]>
              </value>
            </param>
          </params>
          <reporter-output>
          </reporter-output>
        </test-method> <!-- addbook -->
      </class> <!-- TestFramework.exceldriven -->
    </test> <!-- Default test -->
  </suite> <!-- Default suite -->
</testng-results>
