<?xml version="1.0" encoding="UTF-8"?>
<testng-results skipped="0" failed="0" ignored="0" total="1" passed="1">
  <reporter-output>
  </reporter-output>
  <suite name="Default suite" duration-ms="27871" started-at="2019-12-10T09:28:52 IST" finished-at="2019-12-10T09:29:20 IST">
    <groups>
    </groups>
    <test name="Default test" duration-ms="27871" started-at="2019-12-10T09:28:52 IST" finished-at="2019-12-10T09:29:20 IST">
      <class name="TestFramework.OAuthTest">
        <test-method status="PASS" signature="oauthtest()[pri:0, instance:TestFramework.OAuthTest@2173f6d9]" name="oauthtest" duration-ms="27814" started-at="2019-12-10T09:28:52 IST" finished-at="2019-12-10T09:29:20 IST">
          <reporter-output>
          </reporter-output>
        </test-method> <!-- oauthtest -->
      </class> <!-- TestFramework.OAuthTest -->
    </test> <!-- Default test -->
  </suite> <!-- Default suite -->
</testng-results>
